
> dev_portfolio@0.1.0 build:static /media/islamux/Variety/JavaScriptProjects/dev_portfolio
> DEPLOY_TARGET=static next build

[baseline-browser-mapping] The data in this module is over two months old.  To ensure accurate Baseline data, please update: `npm i baseline-browser-mapping@latest -D`
   тЦ▓ Next.js 16.0.10 (Turbopack)

   Creating an optimized production build ...
[baseline-browser-mapping] The data in this module is over two months old.  To ensure accurate Baseline data, please update: `npm i baseline-browser-mapping@latest -D`
 тЬУ Compiled successfully in 6.7s
   Running TypeScript ...
   Collecting page data using 7 workers ...
[baseline-browser-mapping] The data in this module is over two months old.  To ensure accurate Baseline data, please update: `npm i baseline-browser-mapping@latest -D`
[baseline-browser-mapping] The data in this module is over two months old.  To ensure accurate Baseline data, please update: `npm i baseline-browser-mapping@latest -D`
[baseline-browser-mapping] The data in this module is over two months old.  To ensure accurate Baseline data, please update: `npm i baseline-browser-mapping@latest -D`
[baseline-browser-mapping] The data in this module is over two months old.  To ensure accurate Baseline data, please update: `npm i baseline-browser-mapping@latest -D`
[baseline-browser-mapping] The data in this module is over two months old.  To ensure accurate Baseline data, please update: `npm i baseline-browser-mapping@latest -D`
[baseline-browser-mapping] The data in this module is over two months old.  To ensure accurate Baseline data, please update: `npm i baseline-browser-mapping@latest -D`
[baseline-browser-mapping] The data in this module is over two months old.  To ensure accurate Baseline data, please update: `npm i baseline-browser-mapping@latest -D`
   Generating static pages using 7 workers (0/55) ...
[baseline-browser-mapping] The data in this module is over two months old.  To ensure accurate Baseline data, please update: `npm i baseline-browser-mapping@latest -D`
[baseline-browser-mapping] The data in this module is over two months old.  To ensure accurate Baseline data, please update: `npm i baseline-browser-mapping@latest -D`
[baseline-browser-mapping] The data in this module is over two months old.  To ensure accurate Baseline data, please update: `npm i baseline-browser-mapping@latest -D`
   Generating static pages using 7 workers (13/55) 
   Generating static pages using 7 workers (27/55) 
   Generating static pages using 7 workers (41/55) 
 тЬУ Generating static pages using 7 workers (55/55) in 2.5s
   Finalizing page optimization ...

Route (app)
тФМ тЧЛ /
тФЬ тЧЛ /_not-found
тФЬ тЧП /[locale]
тФВ тФЬ /en
тФВ тФЬ /fr
тФВ тФЬ /ar
тФВ тФФ [+2 more paths]
тФЬ тЧП /[locale]/about
тФВ тФЬ /en/about
тФВ тФЬ /fr/about
тФВ тФЬ /ar/about
тФВ тФФ [+2 more paths]
тФЬ тЧП /[locale]/contact
тФВ тФЬ /en/contact
тФВ тФЬ /fr/contact
тФВ тФЬ /ar/contact
тФВ тФФ [+2 more paths]
тФЬ тЧП /[locale]/projects
тФВ тФЬ /en/projects
тФВ тФЬ /fr/projects
тФВ тФЬ /ar/projects
тФВ тФФ [+2 more paths]
тФЬ тЧП /[locale]/projects/[id]
тФВ тФЬ /en/projects/athkarix
тФВ тФЬ /en/projects/portfolio
тФВ тФЬ /en/projects/voices-of-truth
тФВ тФФ [+27 more paths]
тФФ тЧЛ /test


тЧЛ  (Static)  prerendered as static content
тЧП  (SSG)     prerendered as static HTML (uses generateStaticParams)

